CRITICAL - 2025-10-12 02:46:12 --> CodeIgniter\View\Exceptions\ViewException: Invalid file: "roles/admin/dashboard.php"
[Method: GET, Route: dashboard]
in SYSTEMPATH\Exceptions\FrameworkException.php on line 39.
 1 SYSTEMPATH\View\View.php(214): CodeIgniter\Exceptions\FrameworkException::forInvalidFile('roles/admin/dashboard.php')
 2 SYSTEMPATH\Common.php(1167): CodeIgniter\View\View->render('roles/admin/dashboard', [], true)
 3 APPPATH\Views\auth\dashboard.php(18): view('roles/admin/dashboard', [...])
 4 SYSTEMPATH\View\View.php(226): include('C:\\xampp\\htdocs\\WebSystem_HMS_G8\\app\\Views\\auth\\dashboard.php')
 5 SYSTEMPATH\View\View.php(229): CodeIgniter\View\View->CodeIgniter\View\{closure}()
 6 SYSTEMPATH\Common.php(1167): CodeIgniter\View\View->render('auth/dashboard', [], true)
 7 APPPATH\Controllers\Auth.php(134): view('auth/dashboard', [...])
 8 SYSTEMPATH\CodeIgniter.php(933): App\Controllers\Auth->dashboard()
 9 SYSTEMPATH\CodeIgniter.php(507): CodeIgniter\CodeIgniter->runController(Object(App\Controllers\Auth))
10 SYSTEMPATH\CodeIgniter.php(354): CodeIgniter\CodeIgniter->handleRequest(null, Object(Config\Cache), false)
11 SYSTEMPATH\Boot.php(363): CodeIgniter\CodeIgniter->run()
12 SYSTEMPATH\Boot.php(68): CodeIgniter\Boot::runCodeIgniter(Object(CodeIgniter\CodeIgniter))
13 FCPATH\index.php(59): CodeIgniter\Boot::bootWeb(Object(Config\Paths))
ERROR - 2025-10-12 14:24:33 --> mysqli_sql_exception: Cannot add or update a child row: a foreign key constraint fails (`hmsdb`.`users`, CONSTRAINT `users_role_id_foreign` FOREIGN KEY (`role_id`) REFERENCES `roles` (`id`) ON DELETE CASCADE ON UPDATE SET NULL) in C:\xampp\htdocs\WebSystem_HMS_G8\system\Database\MySQLi\Connection.php:327
Stack trace:
#0 C:\xampp\htdocs\WebSystem_HMS_G8\system\Database\MySQLi\Connection.php(327): mysqli->query('INSERT INTO `us...', 0)
#1 C:\xampp\htdocs\WebSystem_HMS_G8\system\Database\BaseConnection.php(729): CodeIgniter\Database\MySQLi\Connection->execute('INSERT INTO `us...')
#2 C:\xampp\htdocs\WebSystem_HMS_G8\system\Database\BaseConnection.php(646): CodeIgniter\Database\BaseConnection->simpleQuery('INSERT INTO `us...')
#3 C:\xampp\htdocs\WebSystem_HMS_G8\system\Database\BaseBuilder.php(2345): CodeIgniter\Database\BaseConnection->query('INSERT INTO `us...', Array, false)
#4 C:\xampp\htdocs\WebSystem_HMS_G8\app\Database\Seeds\UserSeeder.php(105): CodeIgniter\Database\BaseBuilder->insert(Array)
#5 C:\xampp\htdocs\WebSystem_HMS_G8\system\Database\Seeder.php(149): App\Database\Seeds\UserSeeder->run()
#6 C:\xampp\htdocs\WebSystem_HMS_G8\system\Commands\Database\Seed.php(79): CodeIgniter\Database\Seeder->call('App\\Database\\Se...')
#7 C:\xampp\htdocs\WebSystem_HMS_G8\system\CLI\Commands.php(74): CodeIgniter\Commands\Database\Seed->run(Array)
#8 C:\xampp\htdocs\WebSystem_HMS_G8\system\CLI\Console.php(47): CodeIgniter\CLI\Commands->run('db:seed', Array)
#9 C:\xampp\htdocs\WebSystem_HMS_G8\system\Boot.php(388): CodeIgniter\CLI\Console->run()
#10 C:\xampp\htdocs\WebSystem_HMS_G8\system\Boot.php(133): CodeIgniter\Boot::runCommand(Object(CodeIgniter\CLI\Console))
#11 C:\xampp\htdocs\WebSystem_HMS_G8\spark(87): CodeIgniter\Boot::bootSpark(Object(Config\Paths))
#12 {main}
